<?xml version="1.0" encoding="UTF-8"?>
<!-- Generated by org.testng.reporters.JUnitXMLReporter -->
<testsuite hostname="vaibhav-Latitude-3550" ignored="0" name="Default test" tests="62" failures="0" timestamp="02 May 2019 12:05:36 GMT" time="184.239" errors="0">
  <testcase name="test3MonthPdf" time="0.297" classname="com.reports.testcases.TestPaymentforInsurance"/>
  <testcase name="test3MonthCsv" time="0.226" classname="com.reports.testcases.TestPaymentforInsurance"/>
  <testcase name="test3MonthText" time="0.196" classname="com.reports.testcases.TestPaymentforInsurance"/>
  <testcase name="testDateFieldsBlank_pdf" time="0.15" classname="com.reports.testcases.TestPaymentforInsurance"/>
  <testcase name="testDateFieldsBlank_csv" time="0.178" classname="com.reports.testcases.TestPaymentforInsurance"/>
  <testcase name="testDateFieldsBlank_text" time="0.178" classname="com.reports.testcases.TestPaymentforInsurance"/>
  <testcase name="testFromDateFieldBlank_pdf" time="0.162" classname="com.reports.testcases.TestPaymentforInsurance"/>
  <testcase name="testToDateFieldBlank_pdf" time="0.147" classname="com.reports.testcases.TestPaymentforInsurance"/>
  <testcase name="testFromDateFieldBlank_cvs" time="0.176" classname="com.reports.testcases.TestPaymentforInsurance"/>
  <testcase name="testToDateFieldBlank_cvs" time="0.167" classname="com.reports.testcases.TestPaymentforInsurance"/>
  <testcase name="testFromDateFieldBlank_text" time="0.161" classname="com.reports.testcases.TestPaymentforInsurance"/>
  <testcase name="testToDateFieldBlank_text" time="0.148" classname="com.reports.testcases.TestPaymentforInsurance"/>
  <testcase name="testDateFieldsBlank_favSaveButton" time="0.265" classname="com.reports.testcases.TestPaymentforInsurance"/>
  <testcase name="testFromDateFieldBlank_favSaveButton" time="0.23" classname="com.reports.testcases.TestPaymentforInsurance"/>
  <testcase name="testToDateFieldBlank_favSaveButton" time="0.316" classname="com.reports.testcases.TestPaymentforInsurance"/>
  <testcase name="checkForThisFinancialYear" time="0.157" classname="com.reports.testcases.TestPaymentforInsurance"/>
  <testcase name="checkForPreviousFinancialYear" time="0.128" classname="com.reports.testcases.TestPaymentforInsurance"/>
  <testcase name="verifyDateFieldsForYesterdayOptions" time="0.612" classname="com.reports.testcases.TestPaymentforInsurance"/>
  <testcase name="verifyDateFieldsForTodayOptions" time="0.328" classname="com.reports.testcases.TestPaymentforInsurance"/>
  <testcase name="verifyDateFieldsForPreviousMonthOptions" time="0.336" classname="com.reports.testcases.TestPaymentforInsurance"/>
  <testcase name="verifyDateFieldsForThisMonthOptions" time="0.328" classname="com.reports.testcases.TestPaymentforInsurance"/>
  <testcase name="verifyDateFieldsForFromPastToFuture_pdf" time="0.197" classname="com.reports.testcases.TestPaymentforInsurance"/>
  <testcase name="verifyDateFieldsForFromPastToFuture_csv" time="0.198" classname="com.reports.testcases.TestPaymentforInsurance"/>
  <testcase name="verifyDateFieldsForFromPastToFuture_text" time="0.166" classname="com.reports.testcases.TestPaymentforInsurance"/>
  <testcase name="verifyDateFieldsForFromPastToFuture_toSaveFav" time="0.214" classname="com.reports.testcases.TestPaymentforInsurance"/>
  <testcase name="vreifyForYesterdaysDateOnReFreshing" time="10.117" classname="com.reports.testcases.TestPaymentforInsurance"/>
  <testcase name="checkAutoCustomDateOption" time="0.701" classname="com.reports.testcases.TestPaymentforInsurance"/>
  <testcase name="verifyAllowedReportDurationDropdown" time="0.532" classname="com.reports.testcases.TestPaymentforInsurance"/>
  <testcase name="verifyAllowedReportDurationDropdown" time="0.547" classname="com.reports.testcases.TestPaymentforInsurance"/>
  <testcase name="verifyAllowedReportDurationDropdown" time="0.486" classname="com.reports.testcases.TestPaymentforInsurance"/>
  <testcase name="verifyAllowedReportDurationDropdown" time="0.513" classname="com.reports.testcases.TestPaymentforInsurance"/>
  <testcase name="pdfTest" time="5.104" classname="com.reports.testcases.TestPaymentforInsurance"/>
  <testcase name="pdfTest" time="1.455" classname="com.reports.testcases.TestPaymentforInsurance"/>
  <testcase name="pdfTest" time="1.217" classname="com.reports.testcases.TestPaymentforInsurance"/>
  <testcase name="pdfTest" time="1.26" classname="com.reports.testcases.TestPaymentforInsurance"/>
  <testcase name="pdfTest" time="1.184" classname="com.reports.testcases.TestPaymentforInsurance"/>
  <testcase name="pdfTest" time="1.182" classname="com.reports.testcases.TestPaymentforInsurance"/>
  <testcase name="pdfTest" time="1.193" classname="com.reports.testcases.TestPaymentforInsurance"/>
  <testcase name="pdfTest" time="1.186" classname="com.reports.testcases.TestPaymentforInsurance"/>
  <testcase name="createFavouritesForAllowedReportDurationoption" time="2.795" classname="com.reports.testcases.TestPaymentforInsurance"/>
  <testcase name="createFavouritesForAllowedReportDurationoption" time="2.595" classname="com.reports.testcases.TestPaymentforInsurance"/>
  <testcase name="createFavouritesForAllowedReportDurationoption" time="2.47" classname="com.reports.testcases.TestPaymentforInsurance"/>
  <testcase name="createFavouritesForAllowedReportDurationoption" time="2.161" classname="com.reports.testcases.TestPaymentforInsurance"/>
  <testcase name="checkFavouriteReportsForDefaultDate_option1" time="15.908" classname="com.reports.testcases.TestPaymentforInsurance"/>
  <testcase name="checkFavouriteReportsForDefaultDate_option2" time="11.88" classname="com.reports.testcases.TestPaymentforInsurance"/>
  <testcase name="checkFavouriteReportsForDefaultDate_option3" time="11.819" classname="com.reports.testcases.TestPaymentforInsurance"/>
  <testcase name="checkFavouriteReportsForDefaultDate_optionSelect" time="11.868" classname="com.reports.testcases.TestPaymentforInsurance"/>
  <testcase name="switchToTheUser" time="1.428" classname="com.reports.testcases.TestPaymentforInsurance"/>
  <testcase name="check1MonthFavPDFReport" time="9.534" classname="com.reports.testcases.TestPaymentforInsurance"/>
  <testcase name="check2MonthFavPDFReport" time="5.874" classname="com.reports.testcases.TestPaymentforInsurance"/>
  <testcase name="check3MonthFavPDFReport" time="5.78" classname="com.reports.testcases.TestPaymentforInsurance"/>
  <testcase name="checkForCorporateOffice" time="12.801" classname="com.reports.testcases.TestPaymentforInsurance"/>
  <testcase name="checkForCorporateOffice" time="0.365" classname="com.reports.testcases.TestPaymentforInsurance"/>
  <testcase name="checkForCorporateOffice" time="0.351" classname="com.reports.testcases.TestPaymentforInsurance"/>
  <testcase name="checkForCorporateOffice" time="0.382" classname="com.reports.testcases.TestPaymentforInsurance"/>
  <testcase name="checkForCorporateOffice" time="0.352" classname="com.reports.testcases.TestPaymentforInsurance"/>
  <testcase name="checkForCorporateOffice" time="0.355" classname="com.reports.testcases.TestPaymentforInsurance"/>
  <testcase name="checkForCorporateOffice" time="0.365" classname="com.reports.testcases.TestPaymentforInsurance"/>
  <testcase name="checkForCorporateOffice" time="0.338" classname="com.reports.testcases.TestPaymentforInsurance"/>
  <testcase name="checkForCorporateOffice_fav1" time="21.749" classname="com.reports.testcases.TestPaymentforInsurance"/>
  <testcase name="chekForCorporateOffice_fav2" time="5.736" classname="com.reports.testcases.TestPaymentforInsurance"/>
  <testcase name="chekForCorporateOffice_fav3" time="5.814" classname="com.reports.testcases.TestPaymentforInsurance"/>
</testsuite> <!-- Default test -->
